308617 0
1360703 1
13371 0
1066659 1
276992 0
255571 0
0 1
255100 0
68677 1
277905 0
227389 0
1074753 1
104294 1
254580 0
237650 0
1234417 1
224599 0
0 1
1419953 1
1476752 1
1339754 1
1120952 1
1081947 1
1272069 1
1405695 1
0 1
275877 1
243012 0
279907 0
189211 0
1422107 1
1160187 1
278370 0
1408110 1
238177 0
1154166 1
53488 1
211078 0
1349261 1
1411061 1
322647 0
1345824 1
1059391 1
213031 1
199423 0
1558366 1
1408160 1
264676 0
193756 0
1451237 1
297197 0
257226 0
1329213 1
1270473 1
1058810 1
1326862 1
248689 0
264641 0
1213685 1
234614 0
968941 1
1206625 1
1433345 1
1350658 1
131475 0
202850 0
1417894 1
1286650 1
233937 1
259783 0
1101615 1
1180986 1
0 1
252680 1
1008636 1
1388703 1
13316 1
289322 0
281256 0
214892 0
1119803 1
288095 0
1301109 1
1406579 1
1170372 1
1668103 1
167279 1
228253 0
1440416 1
251714 0
222277 0
1293121 1
983385 1
1210359 1
235449 0
129744 0
299353 0
1458083 1
992889 1
1463938 1
