259510 0
222277 0
1349261 1
212242 0
237650 0
1170372 1
235449 0
1360703 1
1044797 1
131475 0
1091545 1
1206625 1
220267 0
0 1
1506835 1
214892 0
243012 0
1068722 1
1581506 1
1252068 1
282563 0
305293 0
274113 0
245247 0
277112 0
992889 1
13316 1
264641 0
0 1
1388557 1
345827 0
234614 0
1197471 1
1171808 1
288095 0
1300279 1
1407173 1
129744 0
899164 1
262193 0
1067648 1
1415139 1
245806 0
68677 1
275877 1
968941 1
280998 0
195234 0
13371 0
308337 0
1326862 1
235725 0
1301109 1
211078 0
0 1
1042660 1
1422107 1
224599 0
255990 0
1092571 1
1180986 1
1451237 1
1408160 1
1143540 1
255571 0
193756 0
194251 0
284387 0
104294 1
276992 0
299353 0
270027 0
233937 1
265959 0
259580 0
1120952 1
1272069 1
252680 1
1345254 1
1411061 1
213031 1
1101615 1
307849 0
1388703 1
1119803 1
258812 0
0 1
268880 0
1419953 1
1048672 1
53488 1
223433 0
221242 0
259584 0
1464663 1
207153 0
1345824 1
167279 1
1210359 1
1126460 1
