1059391 1
1180986 1
207153 0
235725 0
312053 0
1386940 1
1360703 1
322647 0
1081947 1
252680 1
308617 0
208997 0
1058810 1
233861 0
259510 0
968941 1
213031 1
1197471 1
255100 0
1422107 1
278370 0
1120952 1
1252068 1
207600 0
1345254 1
129744 0
234614 0
1099143 1
251556 0
1170372 1
68677 1
131475 0
1668103 1
1198139 1
1405695 1
0 1
1153934 1
276992 0
305514 0
275877 1
262193 0
1210359 1
13316 1
1408160 1
1183748 1
311890 0
251714 0
264676 0
1458083 1
295183 0
279907 0
1200005 1
1205561 1
232788 0
104294 1
13371 0
1365555 1
222277 0
1293121 1
281782 0
237363 0
235449 0
277112 0
1029702 1
259783 0
235897 0
189211 0
244750 0
345827 0
53488 1
1463938 1
1067648 1
308337 0
1143381 1
1016820 1
227389 0
281256 0
1506835 1
1415139 1
1045367 1
0 1
0 1
305293 0
1433345 1
284387 0
167279 1
1408110 1
1098270 1
228936 0
1198176 1
233937 1
1326862 1
1300279 1
1301109 1
1270473 1
1286650 1
0 1
1476752 1
195234 0
224426 0
