13852
14372
8482
3511
17575
3957
7842
5293
2921
16749
10306
16203
4239
17268
488
15491
14735
12715
9947
1775
1826
7856
15696
15323
2806
18104
11437
6941
14661
2302
10021
15956
8735
4463
11265
4394
7105
15308
9492
4551
15195
17120
6516
12186
4415
380
13270
19544
1916
18250
552
9406
18742
14704
327
18730
16549
15128
1009
5271
11583
6591
16537
14171
12910
16729
6126
19130
7622
10383
17699
719
10782
6401
19788
19743
14388
16470
8346
11961
17175
16779
11168
11028
8158
12533
6503
15301
8440
13704
11898
9620
8595
8200
14309
16179
5118
6094
3672
12815
