19171
14582
1916
17955
8200
11265
6503
5185
12186
12910
11961
6401
7622
17699
14817
10021
4463
327
2921
4176
14171
1775
7879
17852
3672
14661
12533
15876
10358
5585
7105
3511
14704
19099
2218
9947
11898
10782
12922
18101
2586
1382
2806
6126
19788
15121
4316
2058
15443
2715
7842
8600
4820
15582
19713
19383
15032
6585
8259
19728
6306
19743
4394
8440
9943
15491
15010
6516
2555
13270
11168
7688
17268
16779
12715
17748
11437
12621
9620
2521
1616
10977
1510
14735
6690
16569
6094
19544
18250
8595
7979
8158
16729
8562
11784
15308
11500
746
1769
18742
