7504
6169
19743
6306
13971
7141
3103
5163
6941
17026
1616
16203
719
18742
1382
14388
11011
6591
5118
4316
11168
9826
11093
15249
5185
15308
16537
7688
1891
15323
12186
2228
1301
3511
18783
14661
15876
8259
8735
5585
16569
12910
11437
16470
12815
7979
9943
13852
4176
19371
19788
11500
10977
2921
7622
1916
19728
9406
11824
15121
4463
5767
13270
7842
1009
19099
667
9947
11799
11898
16729
11028
7879
6109
2218
1769
17175
14735
15443
14582
327
6503
17456
17699
1579
17400
12533
16663
13767
14171
6690
17748
16341
16549
905
16749
17268
8595
4820
552
