7513
6189
19797
6318
14021
7145
3107
5166
6976
17099
1617
16257
720
18765
1383
14406
11020
6598
5135
4332
11187
9831
11097
15294
5188
15333
16548
7709
1898
15348
12196
2236
1310
3518
18815
14671
15959
8276
8758
5603
16639
12921
11458
16523
12886
8007
9960
13924
4200
19412
19887
11502
11006
2935
7622
1916
19760
9438
11854
15175
4468
5782
13344
7842
1016
19147
668
9999
11799
11898
16752
11033
7887
6129
2220
1771
17175
14751
15486
14587
328
6510
17511
17735
1582
17410
12617
16719
13827
14201
6719
17766
16375
16641
907
16756
17278
8596
4829
554
